<?xml version="1.0" encoding="UTF-8"?>
<testng-results ignored="0" total="2" passed="2" failed="0" skipped="0">
  <reporter-output>
  </reporter-output>
  <suite started-at="2024-06-22T01:15:34 IST" name="Default suite" finished-at="2024-06-22T01:15:49 IST" duration-ms="14682">
    <groups>
    </groups>
    <test started-at="2024-06-22T01:15:34 IST" name="Default test" finished-at="2024-06-22T01:15:49 IST" duration-ms="14682">
      <class name="com.odoo.ap.testlayer.LoginTest">
        <test-method is-config="true" signature="setUp()[pri:0, instance:com.odoo.ap.testlayer.LoginTest@20ce78ec]" started-at="2024-06-22T01:15:34 IST" name="setUp" finished-at="2024-06-22T01:15:40 IST" duration-ms="5692" status="PASS">
          <reporter-output>
          </reporter-output>
        </test-method> <!-- setUp -->
        <test-method signature="verifyLoginWithInValidDetails()[pri:0, instance:com.odoo.ap.testlayer.LoginTest@20ce78ec]" started-at="2024-06-22T01:15:40 IST" name="verifyLoginWithInValidDetails" finished-at="2024-06-22T01:15:43 IST" duration-ms="2633" status="PASS">
          <reporter-output>
          </reporter-output>
        </test-method> <!-- verifyLoginWithInValidDetails -->
        <test-method is-config="true" signature="tearDown()[pri:0, instance:com.odoo.ap.testlayer.LoginTest@20ce78ec]" started-at="2024-06-22T01:15:43 IST" name="tearDown" finished-at="2024-06-22T01:15:43 IST" duration-ms="316" status="PASS">
          <reporter-output>
          </reporter-output>
        </test-method> <!-- tearDown -->
        <test-method is-config="true" signature="setUp()[pri:0, instance:com.odoo.ap.testlayer.LoginTest@20ce78ec]" started-at="2024-06-22T01:15:43 IST" name="setUp" finished-at="2024-06-22T01:15:46 IST" duration-ms="3258" status="PASS">
          <reporter-output>
          </reporter-output>
        </test-method> <!-- setUp -->
        <test-method signature="verifyLoginWithValidDetails()[pri:0, instance:com.odoo.ap.testlayer.LoginTest@20ce78ec]" started-at="2024-06-22T01:15:46 IST" name="verifyLoginWithValidDetails" finished-at="2024-06-22T01:15:49 IST" duration-ms="2432" status="PASS">
          <reporter-output>
          </reporter-output>
        </test-method> <!-- verifyLoginWithValidDetails -->
        <test-method is-config="true" signature="tearDown()[pri:0, instance:com.odoo.ap.testlayer.LoginTest@20ce78ec]" started-at="2024-06-22T01:15:49 IST" name="tearDown" finished-at="2024-06-22T01:15:49 IST" duration-ms="282" status="PASS">
          <reporter-output>
          </reporter-output>
        </test-method> <!-- tearDown -->
      </class> <!-- com.odoo.ap.testlayer.LoginTest -->
    </test> <!-- Default test -->
  </suite> <!-- Default suite -->
</testng-results>
