<?xml version="1.0" encoding="UTF-8"?>
<testng-results ignored="0" total="2" passed="2" failed="0" skipped="0">
  <reporter-output>
  </reporter-output>
  <suite started-at="2024-06-22T00:36:24 IST" name="Default suite" finished-at="2024-06-22T00:36:51 IST" duration-ms="27032">
    <groups>
    </groups>
    <test started-at="2024-06-22T00:36:24 IST" name="Default test" finished-at="2024-06-22T00:36:51 IST" duration-ms="27032">
      <class name="com.odoo.ap.testlayer.LoginTest">
        <test-method is-config="true" signature="setUp()[pri:0, instance:com.odoo.ap.testlayer.LoginTest@20ce78ec]" started-at="2024-06-22T00:36:24 IST" name="setUp" finished-at="2024-06-22T00:36:41 IST" duration-ms="16890" status="PASS">
          <reporter-output>
          </reporter-output>
        </test-method> <!-- setUp -->
        <test-method signature="verifyLoginWithInValidDetails()[pri:0, instance:com.odoo.ap.testlayer.LoginTest@20ce78ec]" started-at="2024-06-22T00:36:41 IST" name="verifyLoginWithInValidDetails" finished-at="2024-06-22T00:36:43 IST" duration-ms="2426" status="PASS">
          <reporter-output>
          </reporter-output>
        </test-method> <!-- verifyLoginWithInValidDetails -->
        <test-method is-config="true" signature="tearDown()[pri:0, instance:com.odoo.ap.testlayer.LoginTest@20ce78ec]" started-at="2024-06-22T00:36:43 IST" name="tearDown" finished-at="2024-06-22T00:36:44 IST" duration-ms="335" status="PASS">
          <reporter-output>
          </reporter-output>
        </test-method> <!-- tearDown -->
        <test-method is-config="true" signature="setUp()[pri:0, instance:com.odoo.ap.testlayer.LoginTest@20ce78ec]" started-at="2024-06-22T00:36:44 IST" name="setUp" finished-at="2024-06-22T00:36:48 IST" duration-ms="4134" status="PASS">
          <reporter-output>
          </reporter-output>
        </test-method> <!-- setUp -->
        <test-method signature="verifyLoginWithValidDetails()[pri:0, instance:com.odoo.ap.testlayer.LoginTest@20ce78ec]" started-at="2024-06-22T00:36:48 IST" name="verifyLoginWithValidDetails" finished-at="2024-06-22T00:36:51 IST" duration-ms="2873" status="PASS">
          <reporter-output>
          </reporter-output>
        </test-method> <!-- verifyLoginWithValidDetails -->
        <test-method is-config="true" signature="tearDown()[pri:0, instance:com.odoo.ap.testlayer.LoginTest@20ce78ec]" started-at="2024-06-22T00:36:51 IST" name="tearDown" finished-at="2024-06-22T00:36:51 IST" duration-ms="312" status="PASS">
          <reporter-output>
          </reporter-output>
        </test-method> <!-- tearDown -->
      </class> <!-- com.odoo.ap.testlayer.LoginTest -->
    </test> <!-- Default test -->
  </suite> <!-- Default suite -->
</testng-results>
